0 info it worked if it ends with ok
1 verbose cli [ '/usr/local/Cellar/node/7.7.4/bin/node',
1 verbose cli   '/usr/local/bin/npm',
1 verbose cli   'start' ]
2 info using npm@4.1.2
3 info using node@v7.7.4
4 verbose run-script [ 'prestart', 'start', 'poststart' ]
5 info lifecycle mypapercat@3.3.7~prestart: mypapercat@3.3.7
6 silly lifecycle mypapercat@3.3.7~prestart: no script for prestart, continuing
7 info lifecycle mypapercat@3.3.7~start: mypapercat@3.3.7
8 verbose lifecycle mypapercat@3.3.7~start: unsafe-perm in lifecycle true
9 verbose lifecycle mypapercat@3.3.7~start: PATH: /usr/local/lib/node_modules/npm/bin/node-gyp-bin:/Users/sonyakhan/Desktop/joel-website/node_modules/.bin:/Users/sonyakhan/anaconda/bin:/Library/Frameworks/Python.framework/Versions/3.5/bin:/Library/Frameworks/Python.framework/Versions/2.7/bin:/usr/local/bin:/usr/bin:/bin:/usr/sbin:/sbin:/usr/local/git/bin:/Users/sonyakhan/.rvm/bin
10 verbose lifecycle mypapercat@3.3.7~start: CWD: /Users/sonyakhan/Desktop/joel-website
11 silly lifecycle mypapercat@3.3.7~start: Args: [ '-c', 'node script.js' ]
12 silly lifecycle mypapercat@3.3.7~start: Returned: code: 1  signal: null
13 info lifecycle mypapercat@3.3.7~start: Failed to exec start script
14 verbose stack Error: mypapercat@3.3.7 start: `node script.js`
14 verbose stack Exit status 1
14 verbose stack     at EventEmitter.<anonymous> (/usr/local/lib/node_modules/npm/lib/utils/lifecycle.js:279:16)
14 verbose stack     at emitTwo (events.js:106:13)
14 verbose stack     at EventEmitter.emit (events.js:194:7)
14 verbose stack     at ChildProcess.<anonymous> (/usr/local/lib/node_modules/npm/lib/utils/spawn.js:40:14)
14 verbose stack     at emitTwo (events.js:106:13)
14 verbose stack     at ChildProcess.emit (events.js:194:7)
14 verbose stack     at maybeClose (internal/child_process.js:899:16)
14 verbose stack     at Process.ChildProcess._handle.onexit (internal/child_process.js:226:5)
15 verbose pkgid mypapercat@3.3.7
16 verbose cwd /Users/sonyakhan/Desktop/joel-website
17 error Darwin 14.5.0
18 error argv "/usr/local/Cellar/node/7.7.4/bin/node" "/usr/local/bin/npm" "start"
19 error node v7.7.4
20 error npm  v4.1.2
21 error code ELIFECYCLE
22 error mypapercat@3.3.7 start: `node script.js`
22 error Exit status 1
23 error Failed at the mypapercat@3.3.7 start script 'node script.js'.
23 error Make sure you have the latest version of node.js and npm installed.
23 error If you do, this is most likely a problem with the mypapercat package,
23 error not with npm itself.
23 error Tell the author that this fails on your system:
23 error     node script.js
23 error You can get information on how to open an issue for this project with:
23 error     npm bugs mypapercat
23 error Or if that isn't available, you can get their info via:
23 error     npm owner ls mypapercat
23 error There is likely additional logging output above.
24 verbose exit [ 1, true ]
